<?xml version="1.0" encoding="UTF-8"?>
<testsuite name="com.cg.employeepayroll.FileNIOTest" tests="1" skipped="0" failures="0" errors="0" timestamp="2020-10-22T12:30:17" hostname="AVINASH" time="0.039">
  <properties/>
  <testcase name="whenGivenEmptyPathCreateFile" classname="com.cg.employeepayroll.FileNIOTest" time="0.039"/>
  <system-out><![CDATA[]]></system-out>
  <system-err><![CDATA[]]></system-err>
</testsuite>
