<?xml version="1.0" encoding="UTF-8"?>
<testsuite name="com.cg.employeepayroll.EmployeePayrollServiceIOTest" tests="1" skipped="0" failures="0" errors="0" timestamp="2020-10-22T18:23:36" hostname="AVINASH" time="0.382">
  <properties/>
  <testcase name="givenEmployeDetailsObjectAddItToFile" classname="com.cg.employeepayroll.EmployeePayrollServiceIOTest" time="0.382"/>
  <system-out><![CDATA[]]></system-out>
  <system-err><![CDATA[]]></system-err>
</testsuite>
